TN:
SF:src\App.jsx
FN:1,(empty-report)
FNF:1
FNH:0
FNDA:0,(empty-report)
DA:1,0
DA:2,0
DA:4,0
DA:5,0
DA:6,0
DA:7,0
DA:8,0
DA:10,0
DA:12,0
LF:9
LH:0
BRDA:1,0,0,0
BRF:1
BRH:0
end_of_record
TN:
SF:src\main.jsx
FN:1,(empty-report)
FNF:1
FNH:0
FNDA:0,(empty-report)
DA:1,0
DA:2,0
DA:3,0
DA:4,0
DA:6,0
DA:7,0
DA:8,0
DA:9,0
DA:10,0
LF:9
LH:0
BRDA:1,0,0,0
BRF:1
BRH:0
end_of_record
TN:
SF:src\componentes\InvitacionButton.jsx
FN:5,InvitacionButton
FN:9,openModal
FN:10,closeModal
FN:12,onSubmit
FN:32,onChange
FNF:5
FNH:5
FNDA:13,InvitacionButton
FNDA:4,openModal
FNDA:2,closeModal
FNDA:1,onSubmit
FNDA:2,onChange
DA:1,1
DA:2,1
DA:3,1
DA:5,13
DA:6,13
DA:7,13
DA:9,13
DA:10,13
DA:12,13
DA:13,1
DA:14,1
DA:15,1
DA:16,1
DA:18,13
DA:19,13
DA:20,13
DA:22,13
DA:24,13
DA:25,13
DA:26,13
DA:27,13
DA:28,13
DA:29,13
DA:30,13
DA:31,13
DA:32,13
DA:33,13
DA:34,13
DA:35,13
DA:36,13
DA:38,13
DA:39,13
DA:41,13
DA:42,13
DA:44,13
DA:45,13
DA:46,13
DA:47,13
DA:48,13
DA:50,13
LF:40
LH:40
BRDA:5,0,0,13
BRDA:9,1,0,4
BRDA:10,2,0,2
BRDA:12,3,0,1
BRDA:32,4,0,2
BRF:5
BRH:5
end_of_record
TN:
SF:src\componentes\InvitacionModal.jsx
FN:1,(empty-report)
FNF:1
FNH:0
FNDA:0,(empty-report)
DA:1,0
DA:2,0
DA:3,0
DA:4,0
DA:6,0
DA:7,0
DA:9,0
DA:10,0
DA:11,0
DA:12,0
DA:13,0
DA:14,0
DA:16,0
DA:17,0
DA:19,0
DA:20,0
DA:21,0
DA:22,0
DA:23,0
DA:24,0
DA:25,0
DA:27,0
DA:28,0
DA:29,0
DA:30,0
DA:32,0
DA:33,0
DA:34,0
DA:35,0
DA:36,0
DA:38,0
DA:39,0
DA:40,0
DA:41,0
DA:42,0
DA:43,0
DA:44,0
DA:45,0
DA:47,0
DA:48,0
DA:50,0
DA:51,0
DA:52,0
DA:53,0
DA:54,0
LF:45
LH:0
BRDA:1,0,0,0
BRF:1
BRH:0
end_of_record
TN:
SF:src\componentes\SeccionCard.jsx
FN:1,(empty-report)
FNF:1
FNH:0
FNDA:0,(empty-report)
DA:1,0
DA:2,0
DA:3,0
DA:4,0
DA:5,0
DA:6,0
DA:8,0
DA:10,0
LF:8
LH:0
BRDA:1,0,0,0
BRF:1
BRH:0
end_of_record
TN:
SF:src\componentes\TareasIndividuales.jsx
FN:1,(empty-report)
FNF:1
FNH:0
FNDA:0,(empty-report)
DA:1,0
DA:3,0
DA:4,0
DA:5,0
DA:7,0
DA:8,0
DA:9,0
DA:12,0
DA:13,0
DA:14,0
DA:15,0
DA:16,0
DA:17,0
DA:18,0
DA:19,0
DA:21,0
DA:22,0
DA:24,0
DA:25,0
DA:26,0
DA:27,0
DA:28,0
DA:30,0
DA:32,0
LF:24
LH:0
BRDA:1,0,0,0
BRF:1
BRH:0
end_of_record
TN:
SF:src\context\AuthContext.jsx
FN:5,useAuth
FN:13,AuthProvider
FN:22,initAuth
FN:47,login
FN:109,logout
FN:135,hasRole
FN:139,updateUser
FNF:7
FNH:7
FNDA:27,useAuth
FNDA:25,AuthProvider
FNDA:9,initAuth
FNDA:7,login
FNDA:1,logout
FNDA:3,hasRole
FNDA:1,updateUser
DA:1,1
DA:3,1
DA:5,1
DA:6,27
DA:7,27
DA:8,2
DA:9,2
DA:10,25
DA:11,25
DA:13,1
DA:14,25
DA:15,25
DA:17,25
DA:21,25
DA:22,9
DA:23,9
DA:24,9
DA:26,9
DA:27,1
DA:28,1
DA:30,1
DA:31,1
DA:32,9
DA:33,8
DA:34,8
DA:35,9
DA:36,0
DA:37,0
DA:38,0
DA:39,9
DA:40,9
DA:41,9
DA:42,9
DA:44,9
DA:45,25
DA:47,25
DA:48,7
DA:49,7
DA:50,7
DA:51,7
DA:52,7
DA:53,7
DA:54,7
DA:55,7
DA:56,7
DA:57,7
DA:58,7
DA:59,7
DA:60,7
DA:62,6
DA:63,6
DA:65,7
DA:66,5
DA:69,5
DA:71,5
DA:72,5
DA:73,5
DA:74,5
DA:75,5
DA:76,5
DA:77,5
DA:78,5
DA:79,5
DA:80,5
DA:82,5
DA:84,5
DA:85,5
DA:86,2
DA:87,2
DA:89,5
DA:90,5
DA:91,5
DA:92,5
DA:93,5
DA:94,7
DA:95,1
DA:96,1
DA:97,1
DA:98,1
DA:99,1
DA:100,7
DA:101,1
DA:102,1
DA:103,1
DA:104,1
DA:105,1
DA:106,1
DA:107,7
DA:109,25
DA:110,1
DA:111,1
DA:113,1
DA:114,1
DA:115,1
DA:116,1
DA:117,1
DA:118,1
DA:119,1
DA:120,1
DA:121,1
DA:122,0
DA:123,1
DA:124,1
DA:125,1
DA:126,0
DA:127,1
DA:129,1
DA:130,1
DA:131,1
DA:132,1
DA:133,1
DA:135,25
DA:136,3
DA:137,3
DA:139,25
DA:140,1
DA:141,1
DA:142,1
DA:143,1
DA:145,25
DA:146,25
DA:147,25
DA:148,25
DA:149,25
DA:150,25
DA:151,25
DA:152,25
DA:153,25
DA:155,25
DA:156,25
DA:157,25
DA:158,25
DA:160,25
LF:133
LH:128
BRDA:5,0,0,27
BRDA:7,1,0,2
BRDA:9,2,0,25
BRDA:13,3,0,25
BRDA:21,4,0,9
BRDA:22,5,0,9
BRDA:26,6,0,1
BRDA:28,7,0,0
BRDA:32,8,0,8
BRDA:35,9,0,0
BRDA:47,10,0,7
BRDA:60,11,0,6
BRDA:65,12,0,5
BRDA:65,13,0,5
BRDA:66,14,0,0
BRDA:69,15,0,3
BRDA:69,16,0,3
BRDA:85,17,0,2
BRDA:92,18,0,4
BRDA:94,19,0,1
BRDA:97,20,0,0
BRDA:97,21,0,0
BRDA:97,22,0,0
BRDA:100,23,0,1
BRDA:109,24,0,1
BRDA:125,25,0,0
BRDA:135,26,0,3
BRDA:139,27,0,1
BRF:28
BRH:21
end_of_record
TN:
SF:src\context\ProtectedRoute.jsx
FN:5,ProtectedRoute
FN:52,onClick
FN:107,onClick
FNF:3
FNH:3
FNDA:16,ProtectedRoute
FNDA:1,onClick
FNDA:2,onClick
DA:2,1
DA:3,1
DA:5,1
DA:6,16
DA:7,16
DA:9,16
DA:10,1
DA:11,1
DA:12,1
DA:13,1
DA:14,1
DA:15,1
DA:16,1
DA:17,1
DA:18,1
DA:19,1
DA:20,1
DA:22,1
DA:25,16
DA:26,1
DA:27,1
DA:30,16
DA:31,2
DA:32,2
DA:33,2
DA:34,2
DA:35,2
DA:36,2
DA:37,2
DA:38,2
DA:39,2
DA:40,2
DA:41,2
DA:42,2
DA:43,2
DA:44,2
DA:45,2
DA:46,2
DA:47,2
DA:48,2
DA:50,2
DA:51,2
DA:52,2
DA:53,2
DA:54,2
DA:55,2
DA:56,2
DA:57,2
DA:58,2
DA:59,2
DA:60,2
DA:61,2
DA:62,2
DA:64,2
DA:65,2
DA:66,2
DA:68,2
DA:71,16
DA:72,7
DA:73,7
DA:75,7
DA:76,4
DA:77,4
DA:78,4
DA:79,4
DA:81,4
DA:83,4
DA:84,4
DA:85,4
DA:86,4
DA:87,4
DA:88,4
DA:89,4
DA:90,4
DA:91,4
DA:92,4
DA:93,4
DA:94,4
DA:95,4
DA:96,4
DA:97,4
DA:98,4
DA:99,4
DA:100,4
DA:102,4
DA:103,4
DA:104,4
DA:105,4
DA:106,4
DA:107,4
DA:108,4
DA:109,4
DA:110,4
DA:111,4
DA:112,4
DA:113,4
DA:114,4
DA:115,4
DA:116,4
DA:117,4
DA:119,4
DA:120,4
DA:121,4
DA:123,4
DA:124,7
DA:127,8
DA:128,8
DA:130,1
LF:108
LH:108
BRDA:5,0,0,16
BRDA:9,1,0,1
BRDA:22,2,0,15
BRDA:25,3,0,1
BRDA:27,4,0,14
BRDA:30,5,0,2
BRDA:68,6,0,12
BRDA:71,7,0,7
BRDA:72,8,0,6
BRDA:75,9,0,4
BRDA:124,10,0,8
BRDA:52,11,0,1
BRDA:73,12,0,12
BRDA:107,13,0,2
BRDA:107,14,0,0
BRF:15
BRH:14
end_of_record
TN:
SF:src\paginas\AppRouter.jsx
FN:1,(empty-report)
FNF:1
FNH:0
FNDA:0,(empty-report)
DA:1,0
DA:2,0
DA:3,0
DA:4,0
DA:5,0
DA:6,0
DA:7,0
DA:10,0
DA:11,0
DA:12,0
DA:13,0
DA:14,0
DA:15,0
DA:16,0
DA:17,0
DA:19,0
DA:20,0
DA:21,0
DA:22,0
DA:23,0
DA:24,0
DA:26,0
DA:28,0
DA:29,0
DA:30,0
DA:32,0
DA:34,0
DA:35,0
DA:37,0
DA:38,0
DA:39,0
DA:41,0
DA:42,0
DA:43,0
DA:45,0
DA:46,0
DA:48,0
LF:37
LH:0
BRDA:1,0,0,0
BRF:1
BRH:0
end_of_record
TN:
SF:src\paginas\AsignarNotas.jsx
FN:1,(empty-report)
FNF:1
FNH:0
FNDA:0,(empty-report)
DA:1,0
DA:2,0
DA:4,0
DA:6,0
DA:7,0
DA:8,0
DA:9,0
DA:10,0
DA:11,0
DA:12,0
DA:15,0
DA:16,0
DA:17,0
DA:18,0
DA:19,0
DA:20,0
DA:21,0
DA:23,0
DA:24,0
DA:25,0
DA:28,0
DA:30,0
DA:33,0
DA:34,0
DA:35,0
DA:36,0
DA:37,0
DA:42,0
DA:43,0
DA:44,0
DA:45,0
DA:46,0
DA:48,0
DA:49,0
DA:50,0
DA:51,0
DA:52,0
DA:55,0
DA:57,0
DA:58,0
DA:59,0
DA:61,0
DA:63,0
LF:43
LH:0
BRDA:1,0,0,0
BRF:1
BRH:0
end_of_record
TN:
SF:src\paginas\Login.jsx
FN:6,Login
FN:15,handleChange
FN:21,handleSubmit
FN:81,onClick
FNF:4
FNH:4
FNDA:27,Login
FNDA:9,handleChange
FNDA:5,handleSubmit
FNDA:2,onClick
DA:1,1
DA:2,1
DA:3,1
DA:4,1
DA:6,27
DA:7,27
DA:8,27
DA:9,27
DA:10,27
DA:12,27
DA:13,27
DA:15,27
DA:16,9
DA:17,9
DA:18,9
DA:19,9
DA:21,27
DA:22,5
DA:23,5
DA:24,2
DA:25,2
DA:26,2
DA:28,3
DA:29,3
DA:31,3
DA:32,3
DA:33,3
DA:34,3
DA:35,3
DA:36,3
DA:37,3
DA:39,5
DA:40,1
DA:41,1
DA:42,1
DA:43,1
DA:44,5
DA:45,0
DA:46,0
DA:47,5
DA:48,2
DA:49,2
DA:50,5
DA:52,27
DA:53,27
DA:54,27
DA:55,27
DA:56,27
DA:57,27
DA:58,27
DA:59,27
DA:60,27
DA:61,27
DA:62,27
DA:63,27
DA:64,27
DA:65,27
DA:66,27
DA:67,27
DA:68,27
DA:69,27
DA:70,27
DA:71,27
DA:72,27
DA:73,27
DA:74,27
DA:75,27
DA:76,27
DA:77,27
DA:78,27
DA:79,27
DA:80,27
DA:81,27
DA:82,27
DA:83,27
DA:84,27
DA:85,27
DA:87,27
DA:89,27
DA:90,27
DA:91,27
DA:92,27
DA:94,27
DA:96,27
DA:97,27
DA:98,27
DA:100,27
DA:102,1
LF:88
LH:86
BRDA:6,0,0,27
BRDA:71,1,0,1
BRDA:71,2,0,26
BRDA:80,3,0,1
BRDA:80,4,0,26
BRDA:83,5,0,1
BRDA:83,6,0,26
BRDA:87,7,0,3
BRDA:90,8,0,3
BRDA:90,9,0,24
BRDA:15,10,0,9
BRDA:18,11,0,1
BRDA:17,12,0,9
BRDA:21,13,0,5
BRDA:23,14,0,3
BRDA:23,15,0,2
BRDA:26,16,0,3
BRDA:37,17,0,2
BRDA:39,18,0,1
BRDA:42,19,0,0
BRDA:44,20,0,0
BRDA:47,21,0,2
BRDA:81,22,0,2
BRF:23
BRH:21
end_of_record
TN:
SF:src\paginas\Register.jsx
FN:1,(empty-report)
FNF:1
FNH:0
FNDA:0,(empty-report)
DA:1,0
DA:2,0
DA:3,0
DA:4,0
DA:6,0
DA:7,0
DA:8,0
DA:9,0
DA:10,0
DA:12,0
DA:13,0
DA:14,0
DA:15,0
DA:16,0
DA:18,0
DA:19,0
DA:20,0
DA:21,0
DA:23,0
DA:24,0
DA:25,0
DA:27,0
DA:28,0
DA:29,0
DA:30,0
DA:31,0
DA:32,0
DA:34,0
DA:35,0
DA:36,0
DA:37,0
DA:38,0
DA:39,0
DA:40,0
DA:42,0
DA:43,0
DA:44,0
DA:45,0
DA:46,0
DA:47,0
DA:48,0
DA:49,0
DA:50,0
DA:51,0
DA:52,0
DA:53,0
DA:54,0
DA:55,0
DA:56,0
DA:57,0
DA:58,0
DA:59,0
DA:61,0
DA:63,0
DA:65,0
LF:55
LH:0
BRDA:1,0,0,0
BRF:1
BRH:0
end_of_record
TN:
SF:src\paginas\SeccionesPage.jsx
FN:1,(empty-report)
FNF:1
FNH:0
FNDA:0,(empty-report)
DA:1,0
DA:2,0
DA:3,0
DA:5,0
DA:6,0
DA:7,0
DA:8,0
DA:10,0
DA:11,0
DA:12,0
DA:13,0
DA:14,0
DA:15,0
DA:16,0
DA:17,0
DA:18,0
DA:19,0
DA:21,0
DA:22,0
DA:23,0
DA:24,0
DA:25,0
DA:26,0
DA:27,0
DA:28,0
DA:29,0
DA:30,0
DA:31,0
DA:32,0
DA:33,0
DA:34,0
DA:35,0
DA:36,0
DA:37,0
DA:38,0
DA:39,0
DA:40,0
DA:41,0
DA:42,0
DA:44,0
DA:45,0
DA:47,0
DA:49,0
LF:43
LH:0
BRDA:1,0,0,0
BRF:1
BRH:0
end_of_record
